<?xml version="1.0" encoding="UTF-8"?>
<!-- Generated by org.testng.reporters.JUnitReportReporter -->
<testsuite skipped="0" hostname="PF0C64T7" name="com.EOC.ChangeReservation.ChangeReservation" tests="1" failures="0" timestamp="24 Nov 2018 12:04:54 GMT" time="0.000" errors="0">
  <testcase name="ChangeReservation3" time="0.000" classname="com.EOC.ChangeReservation.ChangeReservation"/>
</testsuite> <!-- com.EOC.ChangeReservation.ChangeReservation -->
