<?xml version="1.0" encoding="UTF-8"?>
<!-- Generated by org.testng.reporters.JUnitReportReporter -->
<testsuite skipped="0" hostname="PF0C64T7" name="com.MMT.Utility.Driver" tests="1" failures="0" timestamp="07 Jan 2019 11:44:13 GMT" time="0.133" errors="0">
  <testcase name="TestDriver" time="0.133" classname="com.MMT.Utility.Driver"/>
</testsuite> <!-- com.MMT.Utility.Driver -->
